<?xml version="1.0" encoding="UTF-8"?>
<!-- Generated by org.testng.reporters.JUnitReportReporter -->
<testsuite skipped="1" hostname="DESKTOP-J4K2E9R" name="SaleChargeRefund" tests="7" failures="0" timestamp="21 Jul 2018 03:03:11 GMT" time="10.691" errors="1">
  <testcase name="connectionHealthCheck" time="1.560" classname="SaleChargeRefund"/>
  <testcase name="afterSuit" time="0.000" classname="SaleChargeRefund">
    <error type="java.lang.NullPointerException">
      <![CDATA[java.lang.NullPointerException
at SaleChargeRefund.afterSuit(SaleChargeRefund.java:228)
at sun.reflect.NativeMethodAccessorImpl.invoke0(Native Method)
at sun.reflect.NativeMethodAccessorImpl.invoke(Unknown Source)
at sun.reflect.DelegatingMethodAccessorImpl.invoke(Unknown Source)
at java.lang.reflect.Method.invoke(Unknown Source)
at org.testng.internal.MethodInvocationHelper.invokeMethod(MethodInvocationHelper.java:124)
at org.testng.internal.MethodInvocationHelper.invokeMethodConsideringTimeout(MethodInvocationHelper.java:59)
at org.testng.internal.Invoker.invokeConfigurationMethod(Invoker.java:455)
at org.testng.internal.Invoker.invokeConfigurations(Invoker.java:222)
at org.testng.internal.Invoker.invokeConfigurations(Invoker.java:142)
at org.testng.SuiteRunner.privateRun(SuiteRunner.java:425)
at org.testng.SuiteRunner.run(SuiteRunner.java:364)
at org.testng.SuiteRunnerWorker.runSuite(SuiteRunnerWorker.java:52)
at org.testng.SuiteRunnerWorker.run(SuiteRunnerWorker.java:84)
at org.testng.TestNG.runSuitesSequentially(TestNG.java:1208)
at org.testng.TestNG.runSuitesLocally(TestNG.java:1137)
at org.testng.TestNG.runSuites(TestNG.java:1049)
at org.testng.TestNG.run(TestNG.java:1017)
at org.testng.remote.AbstractRemoteTestNG.run(AbstractRemoteTestNG.java:114)
at org.testng.remote.RemoteTestNG.initAndRun(RemoteTestNG.java:251)
at org.testng.remote.RemoteTestNG.main(RemoteTestNG.java:77)
]]>
    </error>
  </testcase> <!-- afterSuit -->
  <testcase name="createASale" time="1.458" classname="SaleChargeRefund"/>
  <testcase name="chargeEndpoint" time="4.036" classname="SaleChargeRefund"/>
  <testcase name="chargeResultCheck" time="1.295" classname="SaleChargeRefund"/>
  <testcase name="refund" time="2.342" classname="SaleChargeRefund"/>
  <testcase name="chargeUI" classname="SaleChargeRefund">
    <skipped/>
  </testcase> <!-- chargeUI -->
</testsuite> <!-- SaleChargeRefund -->
